c:\users\muhammed\source\repos\tek_katman_yapay_sınır_ağları\tek_katman_yapay_sınır_ağları\debug\vc142.pdb
c:\users\muhammed\source\repos\tek_katman_yapay_sınır_ağları\tek_katman_yapay_sınır_ağları\debug\.netframework,versıon=v4.7.2.assemblyattrıbutes.obj
c:\users\muhammed\source\repos\tek_katman_yapay_sınır_ağları\tek_katman_yapay_sınır_ağları\debug\ysa_fonksıyonları.obj
c:\users\muhammed\source\repos\tek_katman_yapay_sınır_ağları\tek_katman_yapay_sınır_ağları\debug\vectorler.obj
c:\users\muhammed\source\repos\tek_katman_yapay_sınır_ağları\tek_katman_yapay_sınır_ağları\debug\teklı_noron_sureklı_fonksıyon.obj
c:\users\muhammed\source\repos\tek_katman_yapay_sınır_ağları\tek_katman_yapay_sınır_ağları\debug\teklı_noron_ayrık_fonksıyon.obj
c:\users\muhammed\source\repos\tek_katman_yapay_sınır_ağları\tek_katman_yapay_sınır_ağları\debug\myform.obj
c:\users\muhammed\source\repos\tek_katman_yapay_sınır_ağları\tek_katman_yapay_sınır_ağları\debug\form_fonksıyonları.obj
c:\users\muhammed\source\repos\tek_katman_yapay_sınır_ağları\tek_katman_yapay_sınır_ağları\debug\coklu_noron_ayrık_fonksıyon.obj
c:\users\muhammed\source\repos\tek_katman_yapay_sınır_ağları\tek_katman_yapay_sınır_ağları\debug\aktıvasyon_fonksıyonları.obj
c:\users\muhammed\source\repos\tek_katman_yapay_sınır_ağları\debug\tek_katman_yapay_sınır_ağları.exe
c:\users\muhammed\source\repos\tek_katman_yapay_sınır_ağları\debug\tek_katman_yapay_sınır_ağları.pdb
c:\users\muhammed\source\repos\tek_katman_yapay_sınır_ağları\tek_katman_yapay_sınır_ağları\debug\tek_katm.af573db5.tlog\metagen.wrıte.1.tlog
c:\users\muhammed\source\repos\tek_katman_yapay_sinir_ağları\tek_katman_yapay_sinir_ağları\debug\tekkatmanyapaysinirağları.coklu_noron_ayrik_fonksiyon.resources
c:\users\muhammed\source\repos\tek_katman_yapay_sinir_ağları\tek_katman_yapay_sinir_ağları\debug\tekkatmanyapaysinirağları.myform.resources
c:\users\muhammed\source\repos\tek_katman_yapay_sinir_ağları\tek_katman_yapay_sinir_ağları\debug\tekkatmanyapaysinirağları.tekli_noron_ayrik_fonksiyon.resources
c:\users\muhammed\source\repos\tek_katman_yapay_sinir_ağları\tek_katman_yapay_sinir_ağları\debug\tekkatmanyapaysinirağları.tekli_noron_surekli_fonksiyon.resources
c:\users\muhammed\source\repos\tek_katman_yapay_sinir_ağları\tek_katman_yapay_sinir_ağları\debug\tek_katman_yapay_sinir_ağları.vcxprojassemblyreference.cache
c:\users\muhammed\source\repos\tek_katman_yapay_sinir_ağları\tek_katman_yapay_sinir_ağları\debug\.netframework,version=v4.7.2.assemblyattributes.obj
c:\users\muhammed\source\repos\tek_katman_yapay_sinir_ağları\tek_katman_yapay_sinir_ağları\debug\aktivasyon_fonksiyonlari.obj
c:\users\muhammed\source\repos\tek_katman_yapay_sinir_ağları\tek_katman_yapay_sinir_ağları\debug\coklu_noron_ayrik_fonksiyon.obj
c:\users\muhammed\source\repos\tek_katman_yapay_sinir_ağları\tek_katman_yapay_sinir_ağları\debug\form_fonksiyonlari.obj
c:\users\muhammed\source\repos\tek_katman_yapay_sinir_ağları\tek_katman_yapay_sinir_ağları\debug\myform.obj
c:\users\muhammed\source\repos\tek_katman_yapay_sinir_ağları\tek_katman_yapay_sinir_ağları\debug\tekli_noron_ayrik_fonksiyon.obj
c:\users\muhammed\source\repos\tek_katman_yapay_sinir_ağları\tek_katman_yapay_sinir_ağları\debug\tekli_noron_surekli_fonksiyon.obj
c:\users\muhammed\source\repos\tek_katman_yapay_sinir_ağları\tek_katman_yapay_sinir_ağları\debug\vectorler.obj
c:\users\muhammed\source\repos\tek_katman_yapay_sinir_ağları\tek_katman_yapay_sinir_ağları\debug\vc142.pdb
c:\users\muhammed\source\repos\tek_katman_yapay_sinir_ağları\debug\tek_katman_yapay_sinir_ağlari.pdb
c:\users\muhammed\source\repos\tek_katman_yapay_sinir_ağları\debug\tek_katman_yapay_sinir_ağlari.exe
c:\users\muhammed\source\repos\tek_katman_yapay_sinir_ağları\tek_katman_yapay_sinir_ağları\debug\tek_katm.af573db5.tlog\cl.command.1.tlog
c:\users\muhammed\source\repos\tek_katman_yapay_sinir_ağları\tek_katman_yapay_sinir_ağları\debug\tek_katm.af573db5.tlog\cl.read.1.tlog
c:\users\muhammed\source\repos\tek_katman_yapay_sinir_ağları\tek_katman_yapay_sinir_ağları\debug\tek_katm.af573db5.tlog\cl.write.1.tlog
c:\users\muhammed\source\repos\tek_katman_yapay_sinir_ağları\tek_katman_yapay_sinir_ağları\debug\tek_katm.af573db5.tlog\link.command.1.tlog
c:\users\muhammed\source\repos\tek_katman_yapay_sinir_ağları\tek_katman_yapay_sinir_ağları\debug\tek_katm.af573db5.tlog\link.read.1.tlog
c:\users\muhammed\source\repos\tek_katman_yapay_sinir_ağları\tek_katman_yapay_sinir_ağları\debug\tek_katm.af573db5.tlog\link.write.1.tlog
c:\users\muhammed\source\repos\tek_katman_yapay_sinir_ağları\tek_katman_yapay_sinir_ağları\debug\tek_katm.af573db5.tlog\metagen.read.1.tlog
c:\users\muhammed\source\repos\tek_katman_yapay_sinir_ağları\tek_katman_yapay_sinir_ağları\debug\tek_katm.af573db5.tlog\metagen.write.1.tlog
c:\users\muhammed\source\repos\tek_katman_yapay_sinir_ağları\tek_katman_yapay_sinir_ağları\debug\tek_katm.af573db5.tlog\tek_katman_yapay_sinir_ağlari.write.1u.tlog
c:\users\muhammed\source\repos\tek_katman_yapay_sinir_ağları\tek_katman_yapay_sinir_ağları\debug\tek_katm.af573db5.tlog\system.data.dll.metagen
c:\users\muhammed\source\repos\tek_katman_yapay_sinir_ağları\tek_katman_yapay_sinir_ağları\debug\tek_katm.af573db5.tlog\system.dll.metagen
c:\users\muhammed\source\repos\tek_katman_yapay_sinir_ağları\tek_katman_yapay_sinir_ağları\debug\tek_katm.af573db5.tlog\system.drawıng.dll.metagen
c:\users\muhammed\source\repos\tek_katman_yapay_sinir_ağları\tek_katman_yapay_sinir_ağları\debug\tek_katm.af573db5.tlog\system.wındows.forms.dll.metagen
c:\users\muhammed\source\repos\tek_katman_yapay_sinir_ağları\tek_katman_yapay_sinir_ağları\debug\tek_katm.af573db5.tlog\system.xml.dll.metagen
c:\users\muhammed\source\repos\tek_katman_yapay_sinir_ağları\tek_katman_yapay_sinir_ağları\debug\tek_katm.af573db5.tlog\clr.dll.bi
c:\users\muhammed\source\repos\tek_katman_yapay_sinir_ağları\tek_katman_yapay_sinir_ağları\debug\tek_katm.af573db5.tlog\cluı.dll.bi
c:\users\muhammed\source\repos\tek_katman_yapay_sinir_ağları\tek_katman_yapay_sinir_ağları\debug\tek_katm.af573db5.tlog\mscorwks.dll.bi
c:\users\muhammed\source\repos\tek_katman_yapay_sinir_ağları\tek_katman_yapay_sinir_ağları\debug\tek_katm.af573db5.tlog\tzres.dll.bi
