  Coklu_Noron_Surekli_Fonksiyon.cpp
C:\Users\MUHAMMED\source\repos\Tek_Katman_Yapay_Sinir_Ağları\Tek_Katman_Yapay_Sinir_Ağları\Coklu_Noron_Surekli_Fonksiyon.h(449,25): warning C4244: 'bağımsız değişken': 'int' - 'float' dönüşümü; veri kaybı olabilir
C:\Users\MUHAMMED\source\repos\Tek_Katman_Yapay_Sinir_Ağları\Tek_Katman_Yapay_Sinir_Ağları\Coklu_Noron_Surekli_Fonksiyon.h(449,22): warning C4244: 'bağımsız değişken': 'int' - 'float' dönüşümü; veri kaybı olabilir
C:\Users\MUHAMMED\source\repos\Tek_Katman_Yapay_Sinir_Ağları\Tek_Katman_Yapay_Sinir_Ağları\Coklu_Noron_Surekli_Fonksiyon.h(489,15): warning C4244: 'başlatılıyor': 'float' - 'int' dönüşümü; veri kaybı olabilir
C:\Users\MUHAMMED\source\repos\Tek_Katman_Yapay_Sinir_Ağları\Tek_Katman_Yapay_Sinir_Ağları\Coklu_Noron_Surekli_Fonksiyon.h(490,15): warning C4244: 'başlatılıyor': 'float' - 'int' dönüşümü; veri kaybı olabilir
C:\Users\MUHAMMED\source\repos\Tek_Katman_Yapay_Sinir_Ağları\Tek_Katman_Yapay_Sinir_Ağları\Coklu_Noron_Surekli_Fonksiyon.h(491,17): warning C4244: 'başlatılıyor': 'double' - 'float' dönüşümü; veri kaybı olabilir
C:\Users\MUHAMMED\source\repos\Tek_Katman_Yapay_Sinir_Ağları\Tek_Katman_Yapay_Sinir_Ağları\Coklu_Noron_Surekli_Fonksiyon.h(499,9): warning C4244: 'başlatılıyor': 'float' - 'int' dönüşümü; veri kaybı olabilir
C:\Users\MUHAMMED\source\repos\Tek_Katman_Yapay_Sinir_Ağları\Tek_Katman_Yapay_Sinir_Ağları\Coklu_Noron_Surekli_Fonksiyon.h(500,9): warning C4244: 'başlatılıyor': 'float' - 'int' dönüşümü; veri kaybı olabilir
C:\Users\MUHAMMED\source\repos\Tek_Katman_Yapay_Sinir_Ağları\Tek_Katman_Yapay_Sinir_Ağları\Coklu_Noron_Surekli_Fonksiyon.h(501,12): warning C4244: 'bağımsız değişken': 'int' - 'float' dönüşümü; veri kaybı olabilir
C:\Users\MUHAMMED\source\repos\Tek_Katman_Yapay_Sinir_Ağları\Tek_Katman_Yapay_Sinir_Ağları\Coklu_Noron_Surekli_Fonksiyon.h(502,12): warning C4244: 'bağımsız değişken': 'int' - 'float' dönüşümü; veri kaybı olabilir
C:\Users\MUHAMMED\source\repos\Tek_Katman_Yapay_Sinir_Ağları\Tek_Katman_Yapay_Sinir_Ağları\Coklu_Noron_Surekli_Fonksiyon.h(516,22): warning C4244: 'başlatılıyor': 'double' - 'float' dönüşümü; veri kaybı olabilir
C:\Users\MUHAMMED\source\repos\Tek_Katman_Yapay_Sinir_Ağları\Tek_Katman_Yapay_Sinir_Ağları\Coklu_Noron_Surekli_Fonksiyon.h(522,18): warning C4244: 'başlatılıyor': 'double' - 'float' dönüşümü; veri kaybı olabilir
  MyForm.cpp
C:\Users\MUHAMMED\source\repos\Tek_Katman_Yapay_Sinir_Ağları\Tek_Katman_Yapay_Sinir_Ağları\Tekli_Noron_Ayrik_Fonksiyon.h(329,27): warning C4244: 'bağımsız değişken': 'int' - 'float' dönüşümü; veri kaybı olabilir
C:\Users\MUHAMMED\source\repos\Tek_Katman_Yapay_Sinir_Ağları\Tek_Katman_Yapay_Sinir_Ağları\Tekli_Noron_Ayrik_Fonksiyon.h(329,24): warning C4244: 'bağımsız değişken': 'int' - 'float' dönüşümü; veri kaybı olabilir
C:\Users\MUHAMMED\source\repos\Tek_Katman_Yapay_Sinir_Ağları\Tek_Katman_Yapay_Sinir_Ağları\Tekli_Noron_Ayrik_Fonksiyon.h(339,27): warning C4244: 'bağımsız değişken': 'int' - 'float' dönüşümü; veri kaybı olabilir
C:\Users\MUHAMMED\source\repos\Tek_Katman_Yapay_Sinir_Ağları\Tek_Katman_Yapay_Sinir_Ağları\Tekli_Noron_Ayrik_Fonksiyon.h(339,24): warning C4244: 'bağımsız değişken': 'int' - 'float' dönüşümü; veri kaybı olabilir
C:\Users\MUHAMMED\source\repos\Tek_Katman_Yapay_Sinir_Ağları\Tek_Katman_Yapay_Sinir_Ağları\Tekli_Noron_Ayrik_Fonksiyon.h(362,22): warning C4244: 'başlatılıyor': 'double' - 'float' dönüşümü; veri kaybı olabilir
C:\Users\MUHAMMED\source\repos\Tek_Katman_Yapay_Sinir_Ağları\Tek_Katman_Yapay_Sinir_Ağları\Tekli_Noron_Surekli_Fonksiyon.h(386,27): warning C4244: 'bağımsız değişken': 'int' - 'float' dönüşümü; veri kaybı olabilir
C:\Users\MUHAMMED\source\repos\Tek_Katman_Yapay_Sinir_Ağları\Tek_Katman_Yapay_Sinir_Ağları\Tekli_Noron_Surekli_Fonksiyon.h(386,24): warning C4244: 'bağımsız değişken': 'int' - 'float' dönüşümü; veri kaybı olabilir
C:\Users\MUHAMMED\source\repos\Tek_Katman_Yapay_Sinir_Ağları\Tek_Katman_Yapay_Sinir_Ağları\Tekli_Noron_Surekli_Fonksiyon.h(396,27): warning C4244: 'bağımsız değişken': 'int' - 'float' dönüşümü; veri kaybı olabilir
C:\Users\MUHAMMED\source\repos\Tek_Katman_Yapay_Sinir_Ağları\Tek_Katman_Yapay_Sinir_Ağları\Tekli_Noron_Surekli_Fonksiyon.h(396,24): warning C4244: 'bağımsız değişken': 'int' - 'float' dönüşümü; veri kaybı olabilir
C:\Users\MUHAMMED\source\repos\Tek_Katman_Yapay_Sinir_Ağları\Tek_Katman_Yapay_Sinir_Ağları\Tekli_Noron_Surekli_Fonksiyon.h(418,22): warning C4244: 'başlatılıyor': 'double' - 'float' dönüşümü; veri kaybı olabilir
C:\Users\MUHAMMED\source\repos\Tek_Katman_Yapay_Sinir_Ağları\Tek_Katman_Yapay_Sinir_Ağları\Tekli_Noron_Surekli_Fonksiyon.h(424,18): warning C4244: 'başlatılıyor': 'double' - 'float' dönüşümü; veri kaybı olabilir
C:\Users\MUHAMMED\source\repos\Tek_Katman_Yapay_Sinir_Ağları\Tek_Katman_Yapay_Sinir_Ağları\Tekli_Noron_Surekli_Fonksiyon.h(458,17): warning C4244: 'başlatılıyor': 'double' - 'float' dönüşümü; veri kaybı olabilir
C:\Users\MUHAMMED\source\repos\Tek_Katman_Yapay_Sinir_Ağları\Tek_Katman_Yapay_Sinir_Ağları\Tekli_Noron_Surekli_Fonksiyon.h(466,9): warning C4244: 'başlatılıyor': 'float' - 'int' dönüşümü; veri kaybı olabilir
C:\Users\MUHAMMED\source\repos\Tek_Katman_Yapay_Sinir_Ağları\Tek_Katman_Yapay_Sinir_Ağları\Tekli_Noron_Surekli_Fonksiyon.h(467,9): warning C4244: 'başlatılıyor': 'float' - 'int' dönüşümü; veri kaybı olabilir
C:\Users\MUHAMMED\source\repos\Tek_Katman_Yapay_Sinir_Ağları\Tek_Katman_Yapay_Sinir_Ağları\Tekli_Noron_Surekli_Fonksiyon.h(468,12): warning C4244: 'bağımsız değişken': 'int' - 'float' dönüşümü; veri kaybı olabilir
C:\Users\MUHAMMED\source\repos\Tek_Katman_Yapay_Sinir_Ağları\Tek_Katman_Yapay_Sinir_Ağları\Tekli_Noron_Surekli_Fonksiyon.h(469,12): warning C4244: 'bağımsız değişken': 'int' - 'float' dönüşümü; veri kaybı olabilir
C:\Users\MUHAMMED\source\repos\Tek_Katman_Yapay_Sinir_Ağları\Tek_Katman_Yapay_Sinir_Ağları\Coklu_Noron_Ayrik_Fonksiyon.h(413,26): warning C4244: 'bağımsız değişken': 'int' - 'float' dönüşümü; veri kaybı olabilir
C:\Users\MUHAMMED\source\repos\Tek_Katman_Yapay_Sinir_Ağları\Tek_Katman_Yapay_Sinir_Ağları\Coklu_Noron_Ayrik_Fonksiyon.h(413,23): warning C4244: 'bağımsız değişken': 'int' - 'float' dönüşümü; veri kaybı olabilir
C:\Users\MUHAMMED\source\repos\Tek_Katman_Yapay_Sinir_Ağları\Tek_Katman_Yapay_Sinir_Ağları\Coklu_Noron_Ayrik_Fonksiyon.h(444,22): warning C4244: 'başlatılıyor': 'double' - 'float' dönüşümü; veri kaybı olabilir
C:\Users\MUHAMMED\source\repos\Tek_Katman_Yapay_Sinir_Ağları\Tek_Katman_Yapay_Sinir_Ağları\Coklu_Noron_Surekli_Fonksiyon.h(449,25): warning C4244: 'bağımsız değişken': 'int' - 'float' dönüşümü; veri kaybı olabilir
C:\Users\MUHAMMED\source\repos\Tek_Katman_Yapay_Sinir_Ağları\Tek_Katman_Yapay_Sinir_Ağları\Coklu_Noron_Surekli_Fonksiyon.h(449,22): warning C4244: 'bağımsız değişken': 'int' - 'float' dönüşümü; veri kaybı olabilir
C:\Users\MUHAMMED\source\repos\Tek_Katman_Yapay_Sinir_Ağları\Tek_Katman_Yapay_Sinir_Ağları\Coklu_Noron_Surekli_Fonksiyon.h(489,15): warning C4244: 'başlatılıyor': 'float' - 'int' dönüşümü; veri kaybı olabilir
C:\Users\MUHAMMED\source\repos\Tek_Katman_Yapay_Sinir_Ağları\Tek_Katman_Yapay_Sinir_Ağları\Coklu_Noron_Surekli_Fonksiyon.h(490,15): warning C4244: 'başlatılıyor': 'float' - 'int' dönüşümü; veri kaybı olabilir
C:\Users\MUHAMMED\source\repos\Tek_Katman_Yapay_Sinir_Ağları\Tek_Katman_Yapay_Sinir_Ağları\Coklu_Noron_Surekli_Fonksiyon.h(491,17): warning C4244: 'başlatılıyor': 'double' - 'float' dönüşümü; veri kaybı olabilir
C:\Users\MUHAMMED\source\repos\Tek_Katman_Yapay_Sinir_Ağları\Tek_Katman_Yapay_Sinir_Ağları\Coklu_Noron_Surekli_Fonksiyon.h(499,9): warning C4244: 'başlatılıyor': 'float' - 'int' dönüşümü; veri kaybı olabilir
C:\Users\MUHAMMED\source\repos\Tek_Katman_Yapay_Sinir_Ağları\Tek_Katman_Yapay_Sinir_Ağları\Coklu_Noron_Surekli_Fonksiyon.h(500,9): warning C4244: 'başlatılıyor': 'float' - 'int' dönüşümü; veri kaybı olabilir
C:\Users\MUHAMMED\source\repos\Tek_Katman_Yapay_Sinir_Ağları\Tek_Katman_Yapay_Sinir_Ağları\Coklu_Noron_Surekli_Fonksiyon.h(501,12): warning C4244: 'bağımsız değişken': 'int' - 'float' dönüşümü; veri kaybı olabilir
C:\Users\MUHAMMED\source\repos\Tek_Katman_Yapay_Sinir_Ağları\Tek_Katman_Yapay_Sinir_Ağları\Coklu_Noron_Surekli_Fonksiyon.h(502,12): warning C4244: 'bağımsız değişken': 'int' - 'float' dönüşümü; veri kaybı olabilir
C:\Users\MUHAMMED\source\repos\Tek_Katman_Yapay_Sinir_Ağları\Tek_Katman_Yapay_Sinir_Ağları\Coklu_Noron_Surekli_Fonksiyon.h(516,22): warning C4244: 'başlatılıyor': 'double' - 'float' dönüşümü; veri kaybı olabilir
C:\Users\MUHAMMED\source\repos\Tek_Katman_Yapay_Sinir_Ağları\Tek_Katman_Yapay_Sinir_Ağları\Coklu_Noron_Surekli_Fonksiyon.h(522,18): warning C4244: 'başlatılıyor': 'double' - 'float' dönüşümü; veri kaybı olabilir
  Kod Üretiliyor...
  Aktivasyon_Fonksiyonlari.obj : MSIL modülü ile karşılaşıldı; MSIL için artımlı bağlama devre dışı bırakıldı; tam bağlantı gerçekleştiriliyor
  Tek_Katman_Yapay_Sinir_Ağları.vcxproj -> C:\Users\MUHAMMED\source\repos\Tek_Katman_Yapay_Sinir_Ağları\Debug\Tek_Katman_Yapay_Sinir_Ağlari.exe
